0 info it worked if it ends with ok
1 verbose cli [ 'node', '/usr/local/bin/npm', 'install', 'rvm' ]
2 info using npm@1.4.23
3 info using node@v0.10.31
4 warn package.json kaoshi@0.0.0 No description
5 warn package.json kaoshi@0.0.0 No repository field.
6 warn package.json kaoshi@0.0.0 No README data
7 warn package.json karma-chrome-launcher@0.1.5 No README data
8 warn package.json karma-ng-html2js-preprocessor@0.1.1 No README data
9 verbose readDependencies using package.json deps
10 verbose cache add [ 'rvm', null ]
11 verbose cache add name=undefined spec="rvm" args=["rvm",null]
12 verbose parsed url { protocol: null,
12 verbose parsed url   slashes: null,
12 verbose parsed url   auth: null,
12 verbose parsed url   host: null,
12 verbose parsed url   port: null,
12 verbose parsed url   hostname: null,
12 verbose parsed url   hash: null,
12 verbose parsed url   search: null,
12 verbose parsed url   query: null,
12 verbose parsed url   pathname: 'rvm',
12 verbose parsed url   path: 'rvm',
12 verbose parsed url   href: 'rvm' }
13 silly lockFile 2d15385e-rvm rvm
14 verbose lock rvm /Users/songtao/.npm/2d15385e-rvm.lock
15 silly lockFile 2d15385e-rvm rvm
16 silly lockFile 2d15385e-rvm rvm
17 verbose addNamed [ 'rvm', '' ]
18 verbose addNamed [ null, '*' ]
19 silly lockFile de8a62ce-rvm rvm@
20 verbose lock rvm@ /Users/songtao/.npm/de8a62ce-rvm.lock
21 silly addNameRange { name: 'rvm', range: '*', hasData: false }
22 verbose request where is /rvm
23 verbose request registry https://registry.npmjs.org/
24 verbose request id 548d230495f34ca2
25 verbose url raw /rvm
26 verbose url resolving [ 'https://registry.npmjs.org/', './rvm' ]
27 verbose url resolved https://registry.npmjs.org/rvm
28 verbose request where is https://registry.npmjs.org/rvm
29 info trying registry request attempt 1 at 09:48:44
30 http GET https://registry.npmjs.org/rvm
31 http 404 https://registry.npmjs.org/rvm
32 verbose headers { date: 'Mon, 20 Oct 2014 01:48:45 GMT',
32 verbose headers   server: 'CouchDB/1.5.0 (Erlang OTP/R16B03)',
32 verbose headers   'content-type': 'application/json',
32 verbose headers   'cache-control': 'max-age=0',
32 verbose headers   'content-length': '52',
32 verbose headers   'accept-ranges': 'bytes',
32 verbose headers   via: '1.1 varnish',
32 verbose headers   age: '0',
32 verbose headers   'x-served-by': 'cache-ty68-TYO',
32 verbose headers   'x-cache': 'MISS',
32 verbose headers   'x-cache-hits': '0',
32 verbose headers   'x-timer': 'S1413769725.143249,VS0,VE186',
32 verbose headers   'keep-alive': 'timeout=10, max=50',
32 verbose headers   connection: 'Keep-Alive' }
33 silly registry.get cb [ 404,
33 silly registry.get   { date: 'Mon, 20 Oct 2014 01:48:45 GMT',
33 silly registry.get     server: 'CouchDB/1.5.0 (Erlang OTP/R16B03)',
33 silly registry.get     'content-type': 'application/json',
33 silly registry.get     'cache-control': 'max-age=0',
33 silly registry.get     'content-length': '52',
33 silly registry.get     'accept-ranges': 'bytes',
33 silly registry.get     via: '1.1 varnish',
33 silly registry.get     age: '0',
33 silly registry.get     'x-served-by': 'cache-ty68-TYO',
33 silly registry.get     'x-cache': 'MISS',
33 silly registry.get     'x-cache-hits': '0',
33 silly registry.get     'x-timer': 'S1413769725.143249,VS0,VE186',
33 silly registry.get     'keep-alive': 'timeout=10, max=50',
33 silly registry.get     connection: 'Keep-Alive' } ]
34 silly lockFile de8a62ce-rvm rvm@
35 silly lockFile de8a62ce-rvm rvm@
36 error 404 404 Not Found: rvm
36 error 404
36 error 404 'rvm' is not in the npm registry.
36 error 404 You should bug the author to publish it
36 error 404 It was specified as a dependency of 'kaoshi'
36 error 404
36 error 404 Note that you can also install from a
36 error 404 tarball, folder, or http url, or git url.
37 error System Darwin 14.0.0
38 error command "node" "/usr/local/bin/npm" "install" "rvm"
39 error cwd /Users/songtao/projects/kaoshi
40 error node -v v0.10.31
41 error npm -v 1.4.23
42 error code E404
43 verbose exit [ 1, true ]
